<?xml version="1.0" encoding="UTF-8"?>
<robot generator="Robot 7.3.2 (Python 3.14.0 on darwin)" generated="2025-11-14T21:01:54.262869" rpa="false" schemaversion="5">
<suite id="s1" name="Tests" source="/Users/miika/Documents/source/ohtupalautukset/viikko3/hello-robot/src/tests">
<suite id="s1-s1" name="Increase Counter" source="/Users/miika/Documents/source/ohtupalautukset/viikko3/hello-robot/src/tests/increase_counter.robot">
<test id="s1-s1-t1" name="Increase Counter Once" line="5">
<kw name="Counter Value Should Be" owner="CounterLibrary">
<arg>0</arg>
<status status="PASS" start="2025-11-14T21:01:54.275131" elapsed="0.000083"/>
</kw>
<kw name="Increase Counter" owner="CounterLibrary">
<status status="PASS" start="2025-11-14T21:01:54.275298" elapsed="0.000043"/>
</kw>
<kw name="Counter Value Should Be" owner="CounterLibrary">
<arg>1</arg>
<status status="PASS" start="2025-11-14T21:01:54.275394" elapsed="0.000039"/>
</kw>
<status status="PASS" start="2025-11-14T21:01:54.274782" elapsed="0.000708"/>
</test>
<test id="s1-s1-t2" name="Increase Counter Many Times" line="10">
<kw name="Counter Value Should Be" owner="CounterLibrary">
<arg>0</arg>
<status status="PASS" start="2025-11-14T21:01:54.275687" elapsed="0.000041"/>
</kw>
<kw name="Increase Counter" owner="CounterLibrary">
<status status="PASS" start="2025-11-14T21:01:54.275773" elapsed="0.000029"/>
</kw>
<kw name="Increase Counter" owner="CounterLibrary">
<status status="PASS" start="2025-11-14T21:01:54.275838" elapsed="0.000026"/>
</kw>
<kw name="Increase Counter" owner="CounterLibrary">
<status status="PASS" start="2025-11-14T21:01:54.275898" elapsed="0.000025"/>
</kw>
<kw name="Counter Value Should Be" owner="CounterLibrary">
<arg>3</arg>
<status status="PASS" start="2025-11-14T21:01:54.275960" elapsed="0.000032"/>
</kw>
<status status="PASS" start="2025-11-14T21:01:54.275577" elapsed="0.000463"/>
</test>
<test id="s1-s1-t3" name="Increment Counter By Amount" line="17">
<kw name="Counter Value Should Be" owner="CounterLibrary">
<arg>0</arg>
<status status="PASS" start="2025-11-14T21:01:54.276208" elapsed="0.000041"/>
</kw>
<kw name="Increment Counter By" owner="CounterLibrary">
<arg>5</arg>
<status status="PASS" start="2025-11-14T21:01:54.276289" elapsed="0.000033"/>
</kw>
<kw name="Counter Value Should Be" owner="CounterLibrary">
<arg>5</arg>
<status status="PASS" start="2025-11-14T21:01:54.276358" elapsed="0.000029"/>
</kw>
<status status="PASS" start="2025-11-14T21:01:54.276111" elapsed="0.000322"/>
</test>
<status status="PASS" start="2025-11-14T21:01:54.273706" elapsed="0.002877"/>
</suite>
<suite id="s1-s2" name="Reset Counter" source="/Users/miika/Documents/source/ohtupalautukset/viikko3/hello-robot/src/tests/reset_counter.robot">
<test id="s1-s2-t1" name="Reset Counter After One Increment" line="5">
<kw name="Counter Value Should Be" owner="CounterLibrary">
<arg>0</arg>
<status status="PASS" start="2025-11-14T21:01:54.277354" elapsed="0.000037"/>
</kw>
<kw name="Increase Counter" owner="CounterLibrary">
<status status="PASS" start="2025-11-14T21:01:54.277437" elapsed="0.000030"/>
</kw>
<kw name="Counter Value Should Be" owner="CounterLibrary">
<arg>1</arg>
<status status="PASS" start="2025-11-14T21:01:54.277507" elapsed="0.000032"/>
</kw>
<kw name="Reset Counter" owner="CounterLibrary">
<status status="PASS" start="2025-11-14T21:01:54.277578" elapsed="0.000027"/>
</kw>
<kw name="Counter Value Should Be" owner="CounterLibrary">
<arg>0</arg>
<status status="PASS" start="2025-11-14T21:01:54.277644" elapsed="0.000034"/>
</kw>
<status status="PASS" start="2025-11-14T21:01:54.277227" elapsed="0.000500"/>
</test>
<test id="s1-s2-t2" name="Reset Counter After Several Increments" line="12">
<kw name="Counter Value Should Be" owner="CounterLibrary">
<arg>0</arg>
<status status="PASS" start="2025-11-14T21:01:54.277908" elapsed="0.000036"/>
</kw>
<kw name="Increment Counter By" owner="CounterLibrary">
<arg>5</arg>
<status status="PASS" start="2025-11-14T21:01:54.277987" elapsed="0.000032"/>
</kw>
<kw name="Counter Value Should Be" owner="CounterLibrary">
<arg>5</arg>
<status status="PASS" start="2025-11-14T21:01:54.278061" elapsed="0.000028"/>
</kw>
<kw name="Reset Counter" owner="CounterLibrary">
<status status="PASS" start="2025-11-14T21:01:54.278131" elapsed="0.000026"/>
</kw>
<kw name="Counter Value Should Be" owner="CounterLibrary">
<arg>0</arg>
<status status="PASS" start="2025-11-14T21:01:54.278196" elapsed="0.000032"/>
</kw>
<status status="PASS" start="2025-11-14T21:01:54.277799" elapsed="0.000479"/>
</test>
<status status="PASS" start="2025-11-14T21:01:54.276736" elapsed="0.001642"/>
</suite>
<status status="PASS" start="2025-11-14T21:01:54.263454" elapsed="0.015100"/>
</suite>
<statistics>
<total>
<stat pass="5" fail="0" skip="0">All Tests</stat>
</total>
<tag>
</tag>
<suite>
<stat name="Tests" id="s1" pass="5" fail="0" skip="0">Tests</stat>
<stat name="Increase Counter" id="s1-s1" pass="3" fail="0" skip="0">Tests.Increase Counter</stat>
<stat name="Reset Counter" id="s1-s2" pass="2" fail="0" skip="0">Tests.Reset Counter</stat>
</suite>
</statistics>
<errors>
</errors>
</robot>
